Apr 2, 2013 3:29:29 PM org.eclipse.birt.chart.device.swt.SwtDisplayServer <init>
INFO: SWT Display Server: gtk v3,740
Apr 2, 2013 3:29:29 PM org.eclipse.birt.chart.device.swt.SwtDisplayServer <init>
INFO: SWT Display Server: gtk v3,740
Apr 2, 2013 3:29:29 PM org.eclipse.birt.chart.device.swt.R31Enhance <clinit>
INFO: Advanced SWT graphics functions enabled.
Apr 2, 2013 3:29:29 PM org.eclipse.birt.chart.device.swt.R31Enhance <clinit>
INFO: Advanced SWT graphics functions enabled.
Apr 2, 2013 3:29:29 PM org.eclipse.birt.chart.device.swt.R31Enhance <clinit>
INFO: Advanced SWT graphics functions enabled.
Apr 2, 2013 3:29:29 PM org.eclipse.birt.chart.device.swt.R31Enhance <clinit>
INFO: Advanced SWT graphics functions enabled.
Apr 2, 2013 3:29:29 PM org.eclipse.birt.chart.device.swt.SwtRendererImpl setProperty
INFO: Using graphics context org.eclipse.swt.graphics.GC@GC {140520879256096}
Apr 2, 2013 3:29:29 PM org.eclipse.birt.chart.device.swt.SwtRendererImpl setProperty
INFO: Using graphics context org.eclipse.swt.graphics.GC@GC {140520879256096}
Apr 2, 2013 3:29:29 PM org.eclipse.birt.chart.device.swt.SwtRendererImpl setProperty
INFO: Using graphics context org.eclipse.swt.graphics.GC@GC {140520879256096}
Apr 2, 2013 3:29:29 PM org.eclipse.birt.chart.device.swt.SwtRendererImpl setProperty
INFO: Using graphics context org.eclipse.swt.graphics.GC@GC {140520879256096}
Apr 2, 2013 3:29:29 PM org.eclipse.birt.chart.script.AbstractScriptHandler register
INFO: Trying to load Chart Java event handler class...
Apr 2, 2013 3:29:29 PM org.eclipse.birt.chart.script.AbstractScriptHandler register
INFO: A Chart Java event handler class [class org.eclipse.mat.impl.chart.StorageUnitRenderScript] has been loaded successfully.
Apr 2, 2013 3:29:29 PM org.eclipse.birt.chart.render.EmptyWithoutAxes renderSeries
INFO: org.eclipse.birt.chart.render.EmptyWithoutAxes: renderSeries() [1/2]
Apr 2, 2013 3:29:29 PM org.eclipse.birt.chart.render.EmptyWithoutAxes renderSeries
INFO: org.eclipse.birt.chart.render.EmptyWithoutAxes: renderSeries() [1/2]
Apr 2, 2013 3:29:29 PM org.eclipse.birt.chart.extension.render.Pie renderSeries
INFO: {0}: renderSeries() [{1}/{2}]org.eclipse.birt.chart.extension.render.Pie22
Apr 2, 2013 3:29:29 PM org.eclipse.birt.chart.extension.render.Pie renderSeries
INFO: {0}: renderSeries() [{1}/{2}]org.eclipse.birt.chart.extension.render.Pie22
Apr 2, 2013 3:43:01 PM org.eclipse.birt.chart.device.swt.SwtDisplayServer <init>
INFO: SWT Display Server: gtk v3,740
Apr 2, 2013 3:43:01 PM org.eclipse.birt.chart.device.swt.SwtDisplayServer <init>
INFO: SWT Display Server: gtk v3,740
Apr 2, 2013 3:43:01 PM org.eclipse.birt.chart.device.swt.SwtDisplayServer <init>
INFO: SWT Display Server: gtk v3,740
Apr 2, 2013 3:43:01 PM org.eclipse.birt.chart.device.swt.SwtDisplayServer <init>
INFO: SWT Display Server: gtk v3,740
Apr 2, 2013 3:43:01 PM org.eclipse.birt.chart.device.swt.SwtRendererImpl setProperty
INFO: Using graphics context org.eclipse.swt.graphics.GC@GC {140520208990560}
Apr 2, 2013 3:43:01 PM org.eclipse.birt.chart.device.swt.SwtRendererImpl setProperty
INFO: Using graphics context org.eclipse.swt.graphics.GC@GC {140520208990560}
Apr 2, 2013 3:43:01 PM org.eclipse.birt.chart.device.swt.SwtRendererImpl setProperty
INFO: Using graphics context org.eclipse.swt.graphics.GC@GC {140520208990560}
Apr 2, 2013 3:43:01 PM org.eclipse.birt.chart.device.swt.SwtRendererImpl setProperty
INFO: Using graphics context org.eclipse.swt.graphics.GC@GC {140520208990560}
Apr 2, 2013 3:43:01 PM org.eclipse.birt.chart.script.AbstractScriptHandler register
INFO: Trying to load Chart Java event handler class...
Apr 2, 2013 3:43:01 PM org.eclipse.birt.chart.script.AbstractScriptHandler register
INFO: A Chart Java event handler class [class org.eclipse.mat.impl.chart.StorageUnitRenderScript] has been loaded successfully.
Apr 2, 2013 3:43:01 PM org.eclipse.birt.chart.render.EmptyWithoutAxes renderSeries
INFO: org.eclipse.birt.chart.render.EmptyWithoutAxes: renderSeries() [1/2]
Apr 2, 2013 3:43:01 PM org.eclipse.birt.chart.render.EmptyWithoutAxes renderSeries
INFO: org.eclipse.birt.chart.render.EmptyWithoutAxes: renderSeries() [1/2]
Apr 2, 2013 3:43:01 PM org.eclipse.birt.chart.extension.render.Pie renderSeries
INFO: {0}: renderSeries() [{1}/{2}]org.eclipse.birt.chart.extension.render.Pie22
Apr 2, 2013 3:43:01 PM org.eclipse.birt.chart.extension.render.Pie renderSeries
INFO: {0}: renderSeries() [{1}/{2}]org.eclipse.birt.chart.extension.render.Pie22
Apr 2, 2013 3:51:39 PM org.eclipse.birt.chart.device.swt.SwtDisplayServer <init>
INFO: SWT Display Server: gtk v3,740
Apr 2, 2013 3:51:39 PM org.eclipse.birt.chart.device.swt.SwtDisplayServer <init>
INFO: SWT Display Server: gtk v3,740
Apr 2, 2013 3:51:39 PM org.eclipse.birt.chart.device.swt.SwtDisplayServer <init>
INFO: SWT Display Server: gtk v3,740
Apr 2, 2013 3:51:39 PM org.eclipse.birt.chart.device.swt.SwtDisplayServer <init>
INFO: SWT Display Server: gtk v3,740
Apr 2, 2013 3:51:40 PM org.eclipse.birt.chart.device.swt.SwtRendererImpl setProperty
INFO: Using graphics context org.eclipse.swt.graphics.GC@GC {140520888939648}
Apr 2, 2013 3:51:40 PM org.eclipse.birt.chart.device.swt.SwtRendererImpl setProperty
INFO: Using graphics context org.eclipse.swt.graphics.GC@GC {140520888939648}
Apr 2, 2013 3:51:40 PM org.eclipse.birt.chart.device.swt.SwtRendererImpl setProperty
INFO: Using graphics context org.eclipse.swt.graphics.GC@GC {140520888939648}
Apr 2, 2013 3:51:40 PM org.eclipse.birt.chart.device.swt.SwtRendererImpl setProperty
INFO: Using graphics context org.eclipse.swt.graphics.GC@GC {140520888939648}
Apr 2, 2013 3:51:40 PM org.eclipse.birt.chart.script.AbstractScriptHandler register
INFO: Trying to load Chart Java event handler class...
Apr 2, 2013 3:51:40 PM org.eclipse.birt.chart.script.AbstractScriptHandler register
INFO: A Chart Java event handler class [class org.eclipse.mat.impl.chart.StorageUnitRenderScript] has been loaded successfully.
Apr 2, 2013 3:51:40 PM org.eclipse.birt.chart.render.EmptyWithoutAxes renderSeries
INFO: org.eclipse.birt.chart.render.EmptyWithoutAxes: renderSeries() [1/2]
Apr 2, 2013 3:51:40 PM org.eclipse.birt.chart.render.EmptyWithoutAxes renderSeries
INFO: org.eclipse.birt.chart.render.EmptyWithoutAxes: renderSeries() [1/2]
Apr 2, 2013 3:51:40 PM org.eclipse.birt.chart.extension.render.Pie renderSeries
INFO: {0}: renderSeries() [{1}/{2}]org.eclipse.birt.chart.extension.render.Pie22
Apr 2, 2013 3:51:40 PM org.eclipse.birt.chart.extension.render.Pie renderSeries
INFO: {0}: renderSeries() [{1}/{2}]org.eclipse.birt.chart.extension.render.Pie22
Apr 2, 2013 3:58:07 PM org.eclipse.birt.chart.device.swt.SwtDisplayServer <init>
INFO: SWT Display Server: gtk v3,740
Apr 2, 2013 3:58:07 PM org.eclipse.birt.chart.device.swt.SwtDisplayServer <init>
INFO: SWT Display Server: gtk v3,740
Apr 2, 2013 3:58:07 PM org.eclipse.birt.chart.device.swt.SwtDisplayServer <init>
INFO: SWT Display Server: gtk v3,740
Apr 2, 2013 3:58:07 PM org.eclipse.birt.chart.device.swt.SwtDisplayServer <init>
INFO: SWT Display Server: gtk v3,740
Apr 2, 2013 3:58:07 PM org.eclipse.birt.chart.device.swt.SwtRendererImpl setProperty
INFO: Using graphics context org.eclipse.swt.graphics.GC@GC {140520902075840}
Apr 2, 2013 3:58:07 PM org.eclipse.birt.chart.device.swt.SwtRendererImpl setProperty
INFO: Using graphics context org.eclipse.swt.graphics.GC@GC {140520902075840}
Apr 2, 2013 3:58:07 PM org.eclipse.birt.chart.device.swt.SwtRendererImpl setProperty
INFO: Using graphics context org.eclipse.swt.graphics.GC@GC {140520902075840}
Apr 2, 2013 3:58:07 PM org.eclipse.birt.chart.device.swt.SwtRendererImpl setProperty
INFO: Using graphics context org.eclipse.swt.graphics.GC@GC {140520902075840}
Apr 2, 2013 3:58:07 PM org.eclipse.birt.chart.script.AbstractScriptHandler register
INFO: Trying to load Chart Java event handler class...
Apr 2, 2013 3:58:07 PM org.eclipse.birt.chart.script.AbstractScriptHandler register
INFO: A Chart Java event handler class [class org.eclipse.mat.impl.chart.StorageUnitRenderScript] has been loaded successfully.
Apr 2, 2013 3:58:07 PM org.eclipse.birt.chart.render.EmptyWithoutAxes renderSeries
INFO: org.eclipse.birt.chart.render.EmptyWithoutAxes: renderSeries() [1/2]
Apr 2, 2013 3:58:07 PM org.eclipse.birt.chart.render.EmptyWithoutAxes renderSeries
INFO: org.eclipse.birt.chart.render.EmptyWithoutAxes: renderSeries() [1/2]
Apr 2, 2013 3:58:07 PM org.eclipse.birt.chart.extension.render.Pie renderSeries
INFO: {0}: renderSeries() [{1}/{2}]org.eclipse.birt.chart.extension.render.Pie22
Apr 2, 2013 3:58:07 PM org.eclipse.birt.chart.extension.render.Pie renderSeries
INFO: {0}: renderSeries() [{1}/{2}]org.eclipse.birt.chart.extension.render.Pie22
Apr 2, 2013 4:02:08 PM org.eclipse.birt.chart.device.swt.SwtDisplayServer <init>
INFO: SWT Display Server: gtk v3,740
Apr 2, 2013 4:02:08 PM org.eclipse.birt.chart.device.swt.SwtDisplayServer <init>
INFO: SWT Display Server: gtk v3,740
Apr 2, 2013 4:02:08 PM org.eclipse.birt.chart.device.swt.SwtDisplayServer <init>
INFO: SWT Display Server: gtk v3,740
Apr 2, 2013 4:02:08 PM org.eclipse.birt.chart.device.swt.SwtDisplayServer <init>
INFO: SWT Display Server: gtk v3,740
Apr 2, 2013 4:02:08 PM org.eclipse.birt.chart.device.swt.SwtRendererImpl setProperty
INFO: Using graphics context org.eclipse.swt.graphics.GC@GC {140520902331072}
Apr 2, 2013 4:02:08 PM org.eclipse.birt.chart.device.swt.SwtRendererImpl setProperty
INFO: Using graphics context org.eclipse.swt.graphics.GC@GC {140520902331072}
Apr 2, 2013 4:02:08 PM org.eclipse.birt.chart.device.swt.SwtRendererImpl setProperty
INFO: Using graphics context org.eclipse.swt.graphics.GC@GC {140520902331072}
Apr 2, 2013 4:02:08 PM org.eclipse.birt.chart.device.swt.SwtRendererImpl setProperty
INFO: Using graphics context org.eclipse.swt.graphics.GC@GC {140520902331072}
Apr 2, 2013 4:02:08 PM org.eclipse.birt.chart.script.AbstractScriptHandler register
INFO: Trying to load Chart Java event handler class...
Apr 2, 2013 4:02:08 PM org.eclipse.birt.chart.script.AbstractScriptHandler register
INFO: A Chart Java event handler class [class org.eclipse.mat.impl.chart.StorageUnitRenderScript] has been loaded successfully.
Apr 2, 2013 4:02:08 PM org.eclipse.birt.chart.render.EmptyWithoutAxes renderSeries
INFO: org.eclipse.birt.chart.render.EmptyWithoutAxes: renderSeries() [1/2]
Apr 2, 2013 4:02:08 PM org.eclipse.birt.chart.render.EmptyWithoutAxes renderSeries
INFO: org.eclipse.birt.chart.render.EmptyWithoutAxes: renderSeries() [1/2]
Apr 2, 2013 4:02:08 PM org.eclipse.birt.chart.extension.render.Pie renderSeries
INFO: {0}: renderSeries() [{1}/{2}]org.eclipse.birt.chart.extension.render.Pie22
Apr 2, 2013 4:02:08 PM org.eclipse.birt.chart.extension.render.Pie renderSeries
INFO: {0}: renderSeries() [{1}/{2}]org.eclipse.birt.chart.extension.render.Pie22
Apr 2, 2013 4:54:05 PM org.eclipse.birt.chart.device.swt.SwtDisplayServer <init>
INFO: SWT Display Server: gtk v3,740
Apr 2, 2013 4:54:05 PM org.eclipse.birt.chart.device.swt.SwtDisplayServer <init>
INFO: SWT Display Server: gtk v3,740
Apr 2, 2013 4:54:05 PM org.eclipse.birt.chart.device.swt.SwtDisplayServer <init>
INFO: SWT Display Server: gtk v3,740
Apr 2, 2013 4:54:05 PM org.eclipse.birt.chart.device.swt.SwtDisplayServer <init>
INFO: SWT Display Server: gtk v3,740
Apr 2, 2013 4:54:05 PM org.eclipse.birt.chart.device.swt.SwtRendererImpl setProperty
INFO: Using graphics context org.eclipse.swt.graphics.GC@GC {140520915546800}
Apr 2, 2013 4:54:05 PM org.eclipse.birt.chart.device.swt.SwtRendererImpl setProperty
INFO: Using graphics context org.eclipse.swt.graphics.GC@GC {140520915546800}
Apr 2, 2013 4:54:05 PM org.eclipse.birt.chart.device.swt.SwtRendererImpl setProperty
INFO: Using graphics context org.eclipse.swt.graphics.GC@GC {140520915546800}
Apr 2, 2013 4:54:05 PM org.eclipse.birt.chart.device.swt.SwtRendererImpl setProperty
INFO: Using graphics context org.eclipse.swt.graphics.GC@GC {140520915546800}
Apr 2, 2013 4:54:05 PM org.eclipse.birt.chart.script.AbstractScriptHandler register
INFO: Trying to load Chart Java event handler class...
Apr 2, 2013 4:54:05 PM org.eclipse.birt.chart.script.AbstractScriptHandler register
INFO: A Chart Java event handler class [class org.eclipse.mat.impl.chart.StorageUnitRenderScript] has been loaded successfully.
Apr 2, 2013 4:54:05 PM org.eclipse.birt.chart.render.EmptyWithoutAxes renderSeries
INFO: org.eclipse.birt.chart.render.EmptyWithoutAxes: renderSeries() [1/2]
Apr 2, 2013 4:54:05 PM org.eclipse.birt.chart.render.EmptyWithoutAxes renderSeries
INFO: org.eclipse.birt.chart.render.EmptyWithoutAxes: renderSeries() [1/2]
Apr 2, 2013 4:54:05 PM org.eclipse.birt.chart.extension.render.Pie renderSeries
INFO: {0}: renderSeries() [{1}/{2}]org.eclipse.birt.chart.extension.render.Pie22
Apr 2, 2013 4:54:05 PM org.eclipse.birt.chart.extension.render.Pie renderSeries
INFO: {0}: renderSeries() [{1}/{2}]org.eclipse.birt.chart.extension.render.Pie22
Apr 2, 2013 4:54:07 PM org.eclipse.birt.chart.device.swt.SwtRendererImpl setProperty
INFO: Using graphics context org.eclipse.swt.graphics.GC@GC {140520915547760}
Apr 2, 2013 4:54:07 PM org.eclipse.birt.chart.device.swt.SwtRendererImpl setProperty
INFO: Using graphics context org.eclipse.swt.graphics.GC@GC {140520915547760}
Apr 2, 2013 4:54:07 PM org.eclipse.birt.chart.device.swt.SwtRendererImpl setProperty
INFO: Using graphics context org.eclipse.swt.graphics.GC@GC {140520915547760}
Apr 2, 2013 4:54:07 PM org.eclipse.birt.chart.device.swt.SwtRendererImpl setProperty
INFO: Using graphics context org.eclipse.swt.graphics.GC@GC {140520915547760}
Apr 2, 2013 4:54:07 PM org.eclipse.birt.chart.script.AbstractScriptHandler register
INFO: Trying to load Chart Java event handler class...
Apr 2, 2013 4:54:07 PM org.eclipse.birt.chart.script.AbstractScriptHandler register
INFO: A Chart Java event handler class [class org.eclipse.mat.impl.chart.StorageUnitRenderScript] has been loaded successfully.
Apr 2, 2013 4:54:07 PM org.eclipse.birt.chart.render.EmptyWithoutAxes renderSeries
INFO: org.eclipse.birt.chart.render.EmptyWithoutAxes: renderSeries() [1/2]
Apr 2, 2013 4:54:07 PM org.eclipse.birt.chart.render.EmptyWithoutAxes renderSeries
INFO: org.eclipse.birt.chart.render.EmptyWithoutAxes: renderSeries() [1/2]
Apr 2, 2013 4:54:07 PM org.eclipse.birt.chart.extension.render.Pie renderSeries
INFO: {0}: renderSeries() [{1}/{2}]org.eclipse.birt.chart.extension.render.Pie22
Apr 2, 2013 4:54:07 PM org.eclipse.birt.chart.extension.render.Pie renderSeries
INFO: {0}: renderSeries() [{1}/{2}]org.eclipse.birt.chart.extension.render.Pie22
Apr 2, 2013 4:54:43 PM org.eclipse.birt.chart.device.swt.SwtRendererImpl setProperty
INFO: Using graphics context org.eclipse.swt.graphics.GC@GC {140520915547280}
Apr 2, 2013 4:54:43 PM org.eclipse.birt.chart.device.swt.SwtRendererImpl setProperty
INFO: Using graphics context org.eclipse.swt.graphics.GC@GC {140520915547280}
Apr 2, 2013 4:54:43 PM org.eclipse.birt.chart.device.swt.SwtRendererImpl setProperty
INFO: Using graphics context org.eclipse.swt.graphics.GC@GC {140520915547280}
Apr 2, 2013 4:54:43 PM org.eclipse.birt.chart.device.swt.SwtRendererImpl setProperty
INFO: Using graphics context org.eclipse.swt.graphics.GC@GC {140520915547280}
Apr 2, 2013 4:54:43 PM org.eclipse.birt.chart.script.AbstractScriptHandler register
INFO: Trying to load Chart Java event handler class...
Apr 2, 2013 4:54:43 PM org.eclipse.birt.chart.script.AbstractScriptHandler register
INFO: A Chart Java event handler class [class org.eclipse.mat.impl.chart.StorageUnitRenderScript] has been loaded successfully.
Apr 2, 2013 4:54:43 PM org.eclipse.birt.chart.render.EmptyWithoutAxes renderSeries
INFO: org.eclipse.birt.chart.render.EmptyWithoutAxes: renderSeries() [1/2]
Apr 2, 2013 4:54:43 PM org.eclipse.birt.chart.render.EmptyWithoutAxes renderSeries
INFO: org.eclipse.birt.chart.render.EmptyWithoutAxes: renderSeries() [1/2]
Apr 2, 2013 4:54:43 PM org.eclipse.birt.chart.extension.render.Pie renderSeries
INFO: {0}: renderSeries() [{1}/{2}]org.eclipse.birt.chart.extension.render.Pie22
Apr 2, 2013 4:54:43 PM org.eclipse.birt.chart.extension.render.Pie renderSeries
INFO: {0}: renderSeries() [{1}/{2}]org.eclipse.birt.chart.extension.render.Pie22
Apr 2, 2013 4:58:20 PM org.eclipse.birt.chart.device.swt.SwtDisplayServer <init>
INFO: SWT Display Server: gtk v3,740
Apr 2, 2013 4:58:20 PM org.eclipse.birt.chart.device.swt.SwtDisplayServer <init>
INFO: SWT Display Server: gtk v3,740
Apr 2, 2013 4:58:20 PM org.eclipse.birt.chart.device.swt.SwtDisplayServer <init>
INFO: SWT Display Server: gtk v3,740
Apr 2, 2013 4:58:20 PM org.eclipse.birt.chart.device.swt.SwtDisplayServer <init>
INFO: SWT Display Server: gtk v3,740
Apr 2, 2013 4:58:20 PM org.eclipse.birt.chart.device.swt.SwtRendererImpl setProperty
INFO: Using graphics context org.eclipse.swt.graphics.GC@GC {140520917363680}
Apr 2, 2013 4:58:20 PM org.eclipse.birt.chart.device.swt.SwtRendererImpl setProperty
INFO: Using graphics context org.eclipse.swt.graphics.GC@GC {140520917363680}
Apr 2, 2013 4:58:20 PM org.eclipse.birt.chart.device.swt.SwtRendererImpl setProperty
INFO: Using graphics context org.eclipse.swt.graphics.GC@GC {140520917363680}
Apr 2, 2013 4:58:20 PM org.eclipse.birt.chart.device.swt.SwtRendererImpl setProperty
INFO: Using graphics context org.eclipse.swt.graphics.GC@GC {140520917363680}
Apr 2, 2013 4:58:20 PM org.eclipse.birt.chart.script.AbstractScriptHandler register
INFO: Trying to load Chart Java event handler class...
Apr 2, 2013 4:58:20 PM org.eclipse.birt.chart.script.AbstractScriptHandler register
INFO: A Chart Java event handler class [class org.eclipse.mat.impl.chart.StorageUnitRenderScript] has been loaded successfully.
Apr 2, 2013 4:58:20 PM org.eclipse.birt.chart.render.EmptyWithoutAxes renderSeries
INFO: org.eclipse.birt.chart.render.EmptyWithoutAxes: renderSeries() [1/2]
Apr 2, 2013 4:58:20 PM org.eclipse.birt.chart.render.EmptyWithoutAxes renderSeries
INFO: org.eclipse.birt.chart.render.EmptyWithoutAxes: renderSeries() [1/2]
Apr 2, 2013 4:58:20 PM org.eclipse.birt.chart.extension.render.Pie renderSeries
INFO: {0}: renderSeries() [{1}/{2}]org.eclipse.birt.chart.extension.render.Pie22
Apr 2, 2013 4:58:20 PM org.eclipse.birt.chart.extension.render.Pie renderSeries
INFO: {0}: renderSeries() [{1}/{2}]org.eclipse.birt.chart.extension.render.Pie22
Apr 2, 2013 4:58:35 PM org.eclipse.birt.chart.device.swt.SwtRendererImpl setProperty
INFO: Using graphics context org.eclipse.swt.graphics.GC@GC {140520915718528}
Apr 2, 2013 4:58:35 PM org.eclipse.birt.chart.device.swt.SwtRendererImpl setProperty
INFO: Using graphics context org.eclipse.swt.graphics.GC@GC {140520915718528}
Apr 2, 2013 4:58:35 PM org.eclipse.birt.chart.device.swt.SwtRendererImpl setProperty
INFO: Using graphics context org.eclipse.swt.graphics.GC@GC {140520915718528}
Apr 2, 2013 4:58:35 PM org.eclipse.birt.chart.device.swt.SwtRendererImpl setProperty
INFO: Using graphics context org.eclipse.swt.graphics.GC@GC {140520915718528}
Apr 2, 2013 4:58:35 PM org.eclipse.birt.chart.script.AbstractScriptHandler register
INFO: Trying to load Chart Java event handler class...
Apr 2, 2013 4:58:35 PM org.eclipse.birt.chart.script.AbstractScriptHandler register
INFO: A Chart Java event handler class [class org.eclipse.mat.impl.chart.StorageUnitRenderScript] has been loaded successfully.
Apr 2, 2013 4:58:35 PM org.eclipse.birt.chart.render.EmptyWithoutAxes renderSeries
INFO: org.eclipse.birt.chart.render.EmptyWithoutAxes: renderSeries() [1/2]
Apr 2, 2013 4:58:35 PM org.eclipse.birt.chart.render.EmptyWithoutAxes renderSeries
INFO: org.eclipse.birt.chart.render.EmptyWithoutAxes: renderSeries() [1/2]
Apr 2, 2013 4:58:35 PM org.eclipse.birt.chart.extension.render.Pie renderSeries
INFO: {0}: renderSeries() [{1}/{2}]org.eclipse.birt.chart.extension.render.Pie22
Apr 2, 2013 4:58:35 PM org.eclipse.birt.chart.extension.render.Pie renderSeries
INFO: {0}: renderSeries() [{1}/{2}]org.eclipse.birt.chart.extension.render.Pie22
Apr 2, 2013 5:00:01 PM org.eclipse.birt.chart.device.swt.SwtDisplayServer <init>
INFO: SWT Display Server: gtk v3,740
Apr 2, 2013 5:00:01 PM org.eclipse.birt.chart.device.swt.SwtDisplayServer <init>
INFO: SWT Display Server: gtk v3,740
Apr 2, 2013 5:00:01 PM org.eclipse.birt.chart.device.swt.SwtDisplayServer <init>
INFO: SWT Display Server: gtk v3,740
Apr 2, 2013 5:00:01 PM org.eclipse.birt.chart.device.swt.SwtDisplayServer <init>
INFO: SWT Display Server: gtk v3,740
Apr 2, 2013 5:00:01 PM org.eclipse.birt.chart.device.swt.SwtRendererImpl setProperty
INFO: Using graphics context org.eclipse.swt.graphics.GC@GC {140520915719488}
Apr 2, 2013 5:00:01 PM org.eclipse.birt.chart.device.swt.SwtRendererImpl setProperty
INFO: Using graphics context org.eclipse.swt.graphics.GC@GC {140520915719488}
Apr 2, 2013 5:00:01 PM org.eclipse.birt.chart.device.swt.SwtRendererImpl setProperty
INFO: Using graphics context org.eclipse.swt.graphics.GC@GC {140520915719488}
Apr 2, 2013 5:00:01 PM org.eclipse.birt.chart.device.swt.SwtRendererImpl setProperty
INFO: Using graphics context org.eclipse.swt.graphics.GC@GC {140520915719488}
Apr 2, 2013 5:00:01 PM org.eclipse.birt.chart.script.AbstractScriptHandler register
INFO: Trying to load Chart Java event handler class...
Apr 2, 2013 5:00:01 PM org.eclipse.birt.chart.script.AbstractScriptHandler register
INFO: A Chart Java event handler class [class org.eclipse.mat.impl.chart.StorageUnitRenderScript] has been loaded successfully.
Apr 2, 2013 5:00:01 PM org.eclipse.birt.chart.render.EmptyWithoutAxes renderSeries
INFO: org.eclipse.birt.chart.render.EmptyWithoutAxes: renderSeries() [1/2]
Apr 2, 2013 5:00:01 PM org.eclipse.birt.chart.render.EmptyWithoutAxes renderSeries
INFO: org.eclipse.birt.chart.render.EmptyWithoutAxes: renderSeries() [1/2]
Apr 2, 2013 5:00:01 PM org.eclipse.birt.chart.extension.render.Pie renderSeries
INFO: {0}: renderSeries() [{1}/{2}]org.eclipse.birt.chart.extension.render.Pie22
Apr 2, 2013 5:00:01 PM org.eclipse.birt.chart.extension.render.Pie renderSeries
INFO: {0}: renderSeries() [{1}/{2}]org.eclipse.birt.chart.extension.render.Pie22
Apr 2, 2013 5:00:06 PM org.eclipse.birt.chart.device.swt.SwtRendererImpl setProperty
INFO: Using graphics context org.eclipse.swt.graphics.GC@GC {140520915547280}
Apr 2, 2013 5:00:06 PM org.eclipse.birt.chart.device.swt.SwtRendererImpl setProperty
INFO: Using graphics context org.eclipse.swt.graphics.GC@GC {140520915547280}
Apr 2, 2013 5:00:06 PM org.eclipse.birt.chart.device.swt.SwtRendererImpl setProperty
INFO: Using graphics context org.eclipse.swt.graphics.GC@GC {140520915547280}
Apr 2, 2013 5:00:06 PM org.eclipse.birt.chart.device.swt.SwtRendererImpl setProperty
INFO: Using graphics context org.eclipse.swt.graphics.GC@GC {140520915547280}
Apr 2, 2013 5:00:06 PM org.eclipse.birt.chart.script.AbstractScriptHandler register
INFO: Trying to load Chart Java event handler class...
Apr 2, 2013 5:00:06 PM org.eclipse.birt.chart.script.AbstractScriptHandler register
INFO: A Chart Java event handler class [class org.eclipse.mat.impl.chart.StorageUnitRenderScript] has been loaded successfully.
Apr 2, 2013 5:00:06 PM org.eclipse.birt.chart.render.EmptyWithoutAxes renderSeries
INFO: org.eclipse.birt.chart.render.EmptyWithoutAxes: renderSeries() [1/2]
Apr 2, 2013 5:00:06 PM org.eclipse.birt.chart.render.EmptyWithoutAxes renderSeries
INFO: org.eclipse.birt.chart.render.EmptyWithoutAxes: renderSeries() [1/2]
Apr 2, 2013 5:00:06 PM org.eclipse.birt.chart.extension.render.Pie renderSeries
INFO: {0}: renderSeries() [{1}/{2}]org.eclipse.birt.chart.extension.render.Pie22
Apr 2, 2013 5:00:06 PM org.eclipse.birt.chart.extension.render.Pie renderSeries
INFO: {0}: renderSeries() [{1}/{2}]org.eclipse.birt.chart.extension.render.Pie22
Apr 2, 2013 5:05:12 PM org.eclipse.birt.chart.device.swt.SwtDisplayServer <init>
INFO: SWT Display Server: gtk v3,740
Apr 2, 2013 5:05:12 PM org.eclipse.birt.chart.device.swt.SwtDisplayServer <init>
INFO: SWT Display Server: gtk v3,740
Apr 2, 2013 5:05:12 PM org.eclipse.birt.chart.device.swt.SwtDisplayServer <init>
INFO: SWT Display Server: gtk v3,740
Apr 2, 2013 5:05:12 PM org.eclipse.birt.chart.device.swt.SwtDisplayServer <init>
INFO: SWT Display Server: gtk v3,740
Apr 2, 2013 5:05:12 PM org.eclipse.birt.chart.device.swt.SwtRendererImpl setProperty
INFO: Using graphics context org.eclipse.swt.graphics.GC@GC {140520917363520}
Apr 2, 2013 5:05:12 PM org.eclipse.birt.chart.device.swt.SwtRendererImpl setProperty
INFO: Using graphics context org.eclipse.swt.graphics.GC@GC {140520917363520}
Apr 2, 2013 5:05:12 PM org.eclipse.birt.chart.device.swt.SwtRendererImpl setProperty
INFO: Using graphics context org.eclipse.swt.graphics.GC@GC {140520917363520}
Apr 2, 2013 5:05:12 PM org.eclipse.birt.chart.device.swt.SwtRendererImpl setProperty
INFO: Using graphics context org.eclipse.swt.graphics.GC@GC {140520917363520}
Apr 2, 2013 5:05:12 PM org.eclipse.birt.chart.script.AbstractScriptHandler register
INFO: Trying to load Chart Java event handler class...
Apr 2, 2013 5:05:12 PM org.eclipse.birt.chart.script.AbstractScriptHandler register
INFO: A Chart Java event handler class [class org.eclipse.mat.impl.chart.StorageUnitRenderScript] has been loaded successfully.
Apr 2, 2013 5:05:12 PM org.eclipse.birt.chart.render.EmptyWithoutAxes renderSeries
INFO: org.eclipse.birt.chart.render.EmptyWithoutAxes: renderSeries() [1/2]
Apr 2, 2013 5:05:12 PM org.eclipse.birt.chart.render.EmptyWithoutAxes renderSeries
INFO: org.eclipse.birt.chart.render.EmptyWithoutAxes: renderSeries() [1/2]
Apr 2, 2013 5:05:12 PM org.eclipse.birt.chart.extension.render.Pie renderSeries
INFO: {0}: renderSeries() [{1}/{2}]org.eclipse.birt.chart.extension.render.Pie22
Apr 2, 2013 5:05:12 PM org.eclipse.birt.chart.extension.render.Pie renderSeries
INFO: {0}: renderSeries() [{1}/{2}]org.eclipse.birt.chart.extension.render.Pie22
Apr 2, 2013 5:09:33 PM org.eclipse.birt.chart.device.swt.SwtDisplayServer <init>
INFO: SWT Display Server: gtk v3,740
Apr 2, 2013 5:09:33 PM org.eclipse.birt.chart.device.swt.SwtDisplayServer <init>
INFO: SWT Display Server: gtk v3,740
Apr 2, 2013 5:09:33 PM org.eclipse.birt.chart.device.swt.SwtDisplayServer <init>
INFO: SWT Display Server: gtk v3,740
Apr 2, 2013 5:09:33 PM org.eclipse.birt.chart.device.swt.SwtDisplayServer <init>
INFO: SWT Display Server: gtk v3,740
Apr 2, 2013 5:09:33 PM org.eclipse.birt.chart.device.swt.SwtRendererImpl setProperty
INFO: Using graphics context org.eclipse.swt.graphics.GC@GC {140520908559312}
Apr 2, 2013 5:09:33 PM org.eclipse.birt.chart.device.swt.SwtRendererImpl setProperty
INFO: Using graphics context org.eclipse.swt.graphics.GC@GC {140520908559312}
Apr 2, 2013 5:09:33 PM org.eclipse.birt.chart.device.swt.SwtRendererImpl setProperty
INFO: Using graphics context org.eclipse.swt.graphics.GC@GC {140520908559312}
Apr 2, 2013 5:09:33 PM org.eclipse.birt.chart.device.swt.SwtRendererImpl setProperty
INFO: Using graphics context org.eclipse.swt.graphics.GC@GC {140520908559312}
Apr 2, 2013 5:09:33 PM org.eclipse.birt.chart.script.AbstractScriptHandler register
INFO: Trying to load Chart Java event handler class...
Apr 2, 2013 5:09:33 PM org.eclipse.birt.chart.script.AbstractScriptHandler register
INFO: A Chart Java event handler class [class org.eclipse.mat.impl.chart.StorageUnitRenderScript] has been loaded successfully.
Apr 2, 2013 5:09:33 PM org.eclipse.birt.chart.render.EmptyWithoutAxes renderSeries
INFO: org.eclipse.birt.chart.render.EmptyWithoutAxes: renderSeries() [1/2]
Apr 2, 2013 5:09:33 PM org.eclipse.birt.chart.render.EmptyWithoutAxes renderSeries
INFO: org.eclipse.birt.chart.render.EmptyWithoutAxes: renderSeries() [1/2]
Apr 2, 2013 5:09:33 PM org.eclipse.birt.chart.extension.render.Pie renderSeries
INFO: {0}: renderSeries() [{1}/{2}]org.eclipse.birt.chart.extension.render.Pie22
Apr 2, 2013 5:09:33 PM org.eclipse.birt.chart.extension.render.Pie renderSeries
INFO: {0}: renderSeries() [{1}/{2}]org.eclipse.birt.chart.extension.render.Pie22
Apr 2, 2013 5:21:28 PM org.eclipse.birt.chart.device.swt.SwtDisplayServer <init>
INFO: SWT Display Server: gtk v3,740
Apr 2, 2013 5:21:28 PM org.eclipse.birt.chart.device.swt.SwtDisplayServer <init>
INFO: SWT Display Server: gtk v3,740
Apr 2, 2013 5:21:28 PM org.eclipse.birt.chart.device.swt.SwtDisplayServer <init>
INFO: SWT Display Server: gtk v3,740
Apr 2, 2013 5:21:28 PM org.eclipse.birt.chart.device.swt.SwtDisplayServer <init>
INFO: SWT Display Server: gtk v3,740
Apr 2, 2013 5:21:28 PM org.eclipse.birt.chart.device.swt.SwtRendererImpl setProperty
INFO: Using graphics context org.eclipse.swt.graphics.GC@GC {140520908559152}
Apr 2, 2013 5:21:28 PM org.eclipse.birt.chart.device.swt.SwtRendererImpl setProperty
INFO: Using graphics context org.eclipse.swt.graphics.GC@GC {140520908559152}
Apr 2, 2013 5:21:28 PM org.eclipse.birt.chart.device.swt.SwtRendererImpl setProperty
INFO: Using graphics context org.eclipse.swt.graphics.GC@GC {140520908559152}
Apr 2, 2013 5:21:28 PM org.eclipse.birt.chart.device.swt.SwtRendererImpl setProperty
INFO: Using graphics context org.eclipse.swt.graphics.GC@GC {140520908559152}
Apr 2, 2013 5:21:28 PM org.eclipse.birt.chart.script.AbstractScriptHandler register
INFO: Trying to load Chart Java event handler class...
Apr 2, 2013 5:21:28 PM org.eclipse.birt.chart.script.AbstractScriptHandler register
INFO: A Chart Java event handler class [class org.eclipse.mat.impl.chart.StorageUnitRenderScript] has been loaded successfully.
Apr 2, 2013 5:21:28 PM org.eclipse.birt.chart.render.EmptyWithoutAxes renderSeries
INFO: org.eclipse.birt.chart.render.EmptyWithoutAxes: renderSeries() [1/2]
Apr 2, 2013 5:21:28 PM org.eclipse.birt.chart.render.EmptyWithoutAxes renderSeries
INFO: org.eclipse.birt.chart.render.EmptyWithoutAxes: renderSeries() [1/2]
Apr 2, 2013 5:21:28 PM org.eclipse.birt.chart.extension.render.Pie renderSeries
INFO: {0}: renderSeries() [{1}/{2}]org.eclipse.birt.chart.extension.render.Pie22
Apr 2, 2013 5:21:28 PM org.eclipse.birt.chart.extension.render.Pie renderSeries
INFO: {0}: renderSeries() [{1}/{2}]org.eclipse.birt.chart.extension.render.Pie22
Apr 2, 2013 5:21:30 PM org.eclipse.birt.chart.device.swt.SwtRendererImpl setProperty
INFO: Using graphics context org.eclipse.swt.graphics.GC@GC {140520902075840}
Apr 2, 2013 5:21:30 PM org.eclipse.birt.chart.device.swt.SwtRendererImpl setProperty
INFO: Using graphics context org.eclipse.swt.graphics.GC@GC {140520902075840}
Apr 2, 2013 5:21:30 PM org.eclipse.birt.chart.device.swt.SwtRendererImpl setProperty
INFO: Using graphics context org.eclipse.swt.graphics.GC@GC {140520902075840}
Apr 2, 2013 5:21:30 PM org.eclipse.birt.chart.device.swt.SwtRendererImpl setProperty
INFO: Using graphics context org.eclipse.swt.graphics.GC@GC {140520902075840}
Apr 2, 2013 5:21:30 PM org.eclipse.birt.chart.script.AbstractScriptHandler register
INFO: Trying to load Chart Java event handler class...
Apr 2, 2013 5:21:30 PM org.eclipse.birt.chart.script.AbstractScriptHandler register
INFO: A Chart Java event handler class [class org.eclipse.mat.impl.chart.StorageUnitRenderScript] has been loaded successfully.
Apr 2, 2013 5:21:30 PM org.eclipse.birt.chart.render.EmptyWithoutAxes renderSeries
INFO: org.eclipse.birt.chart.render.EmptyWithoutAxes: renderSeries() [1/2]
Apr 2, 2013 5:21:30 PM org.eclipse.birt.chart.render.EmptyWithoutAxes renderSeries
INFO: org.eclipse.birt.chart.render.EmptyWithoutAxes: renderSeries() [1/2]
Apr 2, 2013 5:21:30 PM org.eclipse.birt.chart.extension.render.Pie renderSeries
INFO: {0}: renderSeries() [{1}/{2}]org.eclipse.birt.chart.extension.render.Pie22
Apr 2, 2013 5:21:30 PM org.eclipse.birt.chart.extension.render.Pie renderSeries
INFO: {0}: renderSeries() [{1}/{2}]org.eclipse.birt.chart.extension.render.Pie22
Apr 2, 2013 5:25:56 PM org.eclipse.birt.chart.device.swt.SwtDisplayServer <init>
INFO: SWT Display Server: gtk v3,740
Apr 2, 2013 5:25:56 PM org.eclipse.birt.chart.device.swt.SwtDisplayServer <init>
INFO: SWT Display Server: gtk v3,740
Apr 2, 2013 5:25:56 PM org.eclipse.birt.chart.device.swt.SwtDisplayServer <init>
INFO: SWT Display Server: gtk v3,740
Apr 2, 2013 5:25:56 PM org.eclipse.birt.chart.device.swt.SwtDisplayServer <init>
INFO: SWT Display Server: gtk v3,740
Apr 2, 2013 5:25:56 PM org.eclipse.birt.chart.device.swt.SwtRendererImpl setProperty
INFO: Using graphics context org.eclipse.swt.graphics.GC@GC {140520913260000}
Apr 2, 2013 5:25:56 PM org.eclipse.birt.chart.device.swt.SwtRendererImpl setProperty
INFO: Using graphics context org.eclipse.swt.graphics.GC@GC {140520913260000}
Apr 2, 2013 5:25:56 PM org.eclipse.birt.chart.device.swt.SwtRendererImpl setProperty
INFO: Using graphics context org.eclipse.swt.graphics.GC@GC {140520913260000}
Apr 2, 2013 5:25:56 PM org.eclipse.birt.chart.device.swt.SwtRendererImpl setProperty
INFO: Using graphics context org.eclipse.swt.graphics.GC@GC {140520913260000}
Apr 2, 2013 5:25:56 PM org.eclipse.birt.chart.script.AbstractScriptHandler register
INFO: Trying to load Chart Java event handler class...
Apr 2, 2013 5:25:56 PM org.eclipse.birt.chart.script.AbstractScriptHandler register
INFO: A Chart Java event handler class [class org.eclipse.mat.impl.chart.StorageUnitRenderScript] has been loaded successfully.
Apr 2, 2013 5:25:56 PM org.eclipse.birt.chart.render.EmptyWithoutAxes renderSeries
INFO: org.eclipse.birt.chart.render.EmptyWithoutAxes: renderSeries() [1/2]
Apr 2, 2013 5:25:56 PM org.eclipse.birt.chart.render.EmptyWithoutAxes renderSeries
INFO: org.eclipse.birt.chart.render.EmptyWithoutAxes: renderSeries() [1/2]
Apr 2, 2013 5:25:56 PM org.eclipse.birt.chart.extension.render.Pie renderSeries
INFO: {0}: renderSeries() [{1}/{2}]org.eclipse.birt.chart.extension.render.Pie22
Apr 2, 2013 5:25:56 PM org.eclipse.birt.chart.extension.render.Pie renderSeries
INFO: {0}: renderSeries() [{1}/{2}]org.eclipse.birt.chart.extension.render.Pie22
Apr 2, 2013 5:25:59 PM org.eclipse.birt.chart.device.swt.SwtRendererImpl setProperty
INFO: Using graphics context org.eclipse.swt.graphics.GC@GC {140520902074560}
Apr 2, 2013 5:25:59 PM org.eclipse.birt.chart.device.swt.SwtRendererImpl setProperty
INFO: Using graphics context org.eclipse.swt.graphics.GC@GC {140520902074560}
Apr 2, 2013 5:25:59 PM org.eclipse.birt.chart.device.swt.SwtRendererImpl setProperty
INFO: Using graphics context org.eclipse.swt.graphics.GC@GC {140520902074560}
Apr 2, 2013 5:25:59 PM org.eclipse.birt.chart.device.swt.SwtRendererImpl setProperty
INFO: Using graphics context org.eclipse.swt.graphics.GC@GC {140520902074560}
Apr 2, 2013 5:25:59 PM org.eclipse.birt.chart.script.AbstractScriptHandler register
INFO: Trying to load Chart Java event handler class...
Apr 2, 2013 5:25:59 PM org.eclipse.birt.chart.script.AbstractScriptHandler register
INFO: A Chart Java event handler class [class org.eclipse.mat.impl.chart.StorageUnitRenderScript] has been loaded successfully.
Apr 2, 2013 5:25:59 PM org.eclipse.birt.chart.render.EmptyWithoutAxes renderSeries
INFO: org.eclipse.birt.chart.render.EmptyWithoutAxes: renderSeries() [1/2]
Apr 2, 2013 5:25:59 PM org.eclipse.birt.chart.render.EmptyWithoutAxes renderSeries
INFO: org.eclipse.birt.chart.render.EmptyWithoutAxes: renderSeries() [1/2]
Apr 2, 2013 5:25:59 PM org.eclipse.birt.chart.extension.render.Pie renderSeries
INFO: {0}: renderSeries() [{1}/{2}]org.eclipse.birt.chart.extension.render.Pie22
Apr 2, 2013 5:25:59 PM org.eclipse.birt.chart.extension.render.Pie renderSeries
INFO: {0}: renderSeries() [{1}/{2}]org.eclipse.birt.chart.extension.render.Pie22
Apr 2, 2013 5:30:01 PM org.eclipse.birt.chart.device.swt.SwtDisplayServer <init>
INFO: SWT Display Server: gtk v3,740
Apr 2, 2013 5:30:01 PM org.eclipse.birt.chart.device.swt.SwtDisplayServer <init>
INFO: SWT Display Server: gtk v3,740
Apr 2, 2013 5:30:01 PM org.eclipse.birt.chart.device.swt.SwtDisplayServer <init>
INFO: SWT Display Server: gtk v3,740
Apr 2, 2013 5:30:01 PM org.eclipse.birt.chart.device.swt.SwtDisplayServer <init>
INFO: SWT Display Server: gtk v3,740
Apr 2, 2013 5:30:01 PM org.eclipse.birt.chart.device.swt.SwtRendererImpl setProperty
INFO: Using graphics context org.eclipse.swt.graphics.GC@GC {140520915546480}
Apr 2, 2013 5:30:01 PM org.eclipse.birt.chart.device.swt.SwtRendererImpl setProperty
INFO: Using graphics context org.eclipse.swt.graphics.GC@GC {140520915546480}
Apr 2, 2013 5:30:01 PM org.eclipse.birt.chart.device.swt.SwtRendererImpl setProperty
INFO: Using graphics context org.eclipse.swt.graphics.GC@GC {140520915546480}
Apr 2, 2013 5:30:01 PM org.eclipse.birt.chart.device.swt.SwtRendererImpl setProperty
INFO: Using graphics context org.eclipse.swt.graphics.GC@GC {140520915546480}
Apr 2, 2013 5:30:01 PM org.eclipse.birt.chart.script.AbstractScriptHandler register
INFO: Trying to load Chart Java event handler class...
Apr 2, 2013 5:30:01 PM org.eclipse.birt.chart.script.AbstractScriptHandler register
INFO: A Chart Java event handler class [class org.eclipse.mat.impl.chart.StorageUnitRenderScript] has been loaded successfully.
Apr 2, 2013 5:30:01 PM org.eclipse.birt.chart.render.EmptyWithoutAxes renderSeries
INFO: org.eclipse.birt.chart.render.EmptyWithoutAxes: renderSeries() [1/2]
Apr 2, 2013 5:30:01 PM org.eclipse.birt.chart.render.EmptyWithoutAxes renderSeries
INFO: org.eclipse.birt.chart.render.EmptyWithoutAxes: renderSeries() [1/2]
Apr 2, 2013 5:30:01 PM org.eclipse.birt.chart.extension.render.Pie renderSeries
INFO: {0}: renderSeries() [{1}/{2}]org.eclipse.birt.chart.extension.render.Pie22
Apr 2, 2013 5:30:01 PM org.eclipse.birt.chart.extension.render.Pie renderSeries
INFO: {0}: renderSeries() [{1}/{2}]org.eclipse.birt.chart.extension.render.Pie22
Apr 2, 2013 5:30:03 PM org.eclipse.birt.chart.device.swt.SwtRendererImpl setProperty
INFO: Using graphics context org.eclipse.swt.graphics.GC@GC {140520902330592}
Apr 2, 2013 5:30:03 PM org.eclipse.birt.chart.device.swt.SwtRendererImpl setProperty
INFO: Using graphics context org.eclipse.swt.graphics.GC@GC {140520902330592}
Apr 2, 2013 5:30:03 PM org.eclipse.birt.chart.device.swt.SwtRendererImpl setProperty
INFO: Using graphics context org.eclipse.swt.graphics.GC@GC {140520902330592}
Apr 2, 2013 5:30:03 PM org.eclipse.birt.chart.device.swt.SwtRendererImpl setProperty
INFO: Using graphics context org.eclipse.swt.graphics.GC@GC {140520902330592}
Apr 2, 2013 5:30:03 PM org.eclipse.birt.chart.script.AbstractScriptHandler register
INFO: Trying to load Chart Java event handler class...
Apr 2, 2013 5:30:03 PM org.eclipse.birt.chart.script.AbstractScriptHandler register
INFO: A Chart Java event handler class [class org.eclipse.mat.impl.chart.StorageUnitRenderScript] has been loaded successfully.
Apr 2, 2013 5:30:03 PM org.eclipse.birt.chart.render.EmptyWithoutAxes renderSeries
INFO: org.eclipse.birt.chart.render.EmptyWithoutAxes: renderSeries() [1/2]
Apr 2, 2013 5:30:03 PM org.eclipse.birt.chart.render.EmptyWithoutAxes renderSeries
INFO: org.eclipse.birt.chart.render.EmptyWithoutAxes: renderSeries() [1/2]
Apr 2, 2013 5:30:03 PM org.eclipse.birt.chart.extension.render.Pie renderSeries
INFO: {0}: renderSeries() [{1}/{2}]org.eclipse.birt.chart.extension.render.Pie22
Apr 2, 2013 5:30:03 PM org.eclipse.birt.chart.extension.render.Pie renderSeries
INFO: {0}: renderSeries() [{1}/{2}]org.eclipse.birt.chart.extension.render.Pie22
Apr 2, 2013 5:31:42 PM org.eclipse.birt.chart.device.swt.SwtDisplayServer <init>
INFO: SWT Display Server: gtk v3,740
Apr 2, 2013 5:31:42 PM org.eclipse.birt.chart.device.swt.SwtDisplayServer <init>
INFO: SWT Display Server: gtk v3,740
Apr 2, 2013 5:31:42 PM org.eclipse.birt.chart.device.swt.SwtDisplayServer <init>
INFO: SWT Display Server: gtk v3,740
Apr 2, 2013 5:31:42 PM org.eclipse.birt.chart.device.swt.SwtDisplayServer <init>
INFO: SWT Display Server: gtk v3,740
Apr 2, 2013 5:31:43 PM org.eclipse.birt.chart.device.swt.SwtRendererImpl setProperty
INFO: Using graphics context org.eclipse.swt.graphics.GC@GC {140520917363360}
Apr 2, 2013 5:31:43 PM org.eclipse.birt.chart.device.swt.SwtRendererImpl setProperty
INFO: Using graphics context org.eclipse.swt.graphics.GC@GC {140520917363360}
Apr 2, 2013 5:31:43 PM org.eclipse.birt.chart.device.swt.SwtRendererImpl setProperty
INFO: Using graphics context org.eclipse.swt.graphics.GC@GC {140520917363360}
Apr 2, 2013 5:31:43 PM org.eclipse.birt.chart.device.swt.SwtRendererImpl setProperty
INFO: Using graphics context org.eclipse.swt.graphics.GC@GC {140520917363360}
Apr 2, 2013 5:31:43 PM org.eclipse.birt.chart.script.AbstractScriptHandler register
INFO: Trying to load Chart Java event handler class...
Apr 2, 2013 5:31:43 PM org.eclipse.birt.chart.script.AbstractScriptHandler register
INFO: A Chart Java event handler class [class org.eclipse.mat.impl.chart.StorageUnitRenderScript] has been loaded successfully.
Apr 2, 2013 5:31:43 PM org.eclipse.birt.chart.render.EmptyWithoutAxes renderSeries
INFO: org.eclipse.birt.chart.render.EmptyWithoutAxes: renderSeries() [1/2]
Apr 2, 2013 5:31:43 PM org.eclipse.birt.chart.render.EmptyWithoutAxes renderSeries
INFO: org.eclipse.birt.chart.render.EmptyWithoutAxes: renderSeries() [1/2]
Apr 2, 2013 5:31:43 PM org.eclipse.birt.chart.extension.render.Pie renderSeries
INFO: {0}: renderSeries() [{1}/{2}]org.eclipse.birt.chart.extension.render.Pie22
Apr 2, 2013 5:31:43 PM org.eclipse.birt.chart.extension.render.Pie renderSeries
INFO: {0}: renderSeries() [{1}/{2}]org.eclipse.birt.chart.extension.render.Pie22
Apr 2, 2013 5:54:15 PM org.eclipse.birt.chart.device.swt.SwtDisplayServer <init>
INFO: SWT Display Server: gtk v3,740
Apr 2, 2013 5:54:15 PM org.eclipse.birt.chart.device.swt.SwtDisplayServer <init>
INFO: SWT Display Server: gtk v3,740
Apr 2, 2013 5:54:15 PM org.eclipse.birt.chart.device.swt.SwtDisplayServer <init>
INFO: SWT Display Server: gtk v3,740
Apr 2, 2013 5:54:15 PM org.eclipse.birt.chart.device.swt.SwtDisplayServer <init>
INFO: SWT Display Server: gtk v3,740
Apr 2, 2013 5:54:15 PM org.eclipse.birt.chart.device.swt.SwtRendererImpl setProperty
INFO: Using graphics context org.eclipse.swt.graphics.GC@GC {140520923378624}
Apr 2, 2013 5:54:15 PM org.eclipse.birt.chart.device.swt.SwtRendererImpl setProperty
INFO: Using graphics context org.eclipse.swt.graphics.GC@GC {140520923378624}
Apr 2, 2013 5:54:15 PM org.eclipse.birt.chart.device.swt.SwtRendererImpl setProperty
INFO: Using graphics context org.eclipse.swt.graphics.GC@GC {140520923378624}
Apr 2, 2013 5:54:15 PM org.eclipse.birt.chart.device.swt.SwtRendererImpl setProperty
INFO: Using graphics context org.eclipse.swt.graphics.GC@GC {140520923378624}
Apr 2, 2013 5:54:15 PM org.eclipse.birt.chart.script.AbstractScriptHandler register
INFO: Trying to load Chart Java event handler class...
Apr 2, 2013 5:54:15 PM org.eclipse.birt.chart.script.AbstractScriptHandler register
INFO: A Chart Java event handler class [class org.eclipse.mat.impl.chart.StorageUnitRenderScript] has been loaded successfully.
Apr 2, 2013 5:54:15 PM org.eclipse.birt.chart.render.EmptyWithoutAxes renderSeries
INFO: org.eclipse.birt.chart.render.EmptyWithoutAxes: renderSeries() [1/2]
Apr 2, 2013 5:54:15 PM org.eclipse.birt.chart.render.EmptyWithoutAxes renderSeries
INFO: org.eclipse.birt.chart.render.EmptyWithoutAxes: renderSeries() [1/2]
Apr 2, 2013 5:54:15 PM org.eclipse.birt.chart.extension.render.Pie renderSeries
INFO: {0}: renderSeries() [{1}/{2}]org.eclipse.birt.chart.extension.render.Pie22
Apr 2, 2013 5:54:15 PM org.eclipse.birt.chart.extension.render.Pie renderSeries
INFO: {0}: renderSeries() [{1}/{2}]org.eclipse.birt.chart.extension.render.Pie22
