Dec 14, 2012 6:54:26 PM org.eclipse.birt.chart.device.swt.SwtDisplayServer <init>
INFO: SWT Display Server: gtk v3,740
Dec 14, 2012 6:54:26 PM org.eclipse.birt.chart.device.swt.SwtDisplayServer <init>
INFO: SWT Display Server: gtk v3,740
Dec 14, 2012 6:54:27 PM org.eclipse.birt.chart.device.swt.R31Enhance <clinit>
INFO: Advanced SWT graphics functions enabled.
Dec 14, 2012 6:54:27 PM org.eclipse.birt.chart.device.swt.R31Enhance <clinit>
INFO: Advanced SWT graphics functions enabled.
Dec 14, 2012 6:54:27 PM org.eclipse.birt.chart.device.swt.R31Enhance <clinit>
INFO: Advanced SWT graphics functions enabled.
Dec 14, 2012 6:54:27 PM org.eclipse.birt.chart.device.swt.R31Enhance <clinit>
INFO: Advanced SWT graphics functions enabled.
Dec 14, 2012 6:54:27 PM org.eclipse.birt.chart.device.swt.SwtRendererImpl setProperty
INFO: Using graphics context org.eclipse.swt.graphics.GC@GC {140530546126432}
Dec 14, 2012 6:54:27 PM org.eclipse.birt.chart.device.swt.SwtRendererImpl setProperty
INFO: Using graphics context org.eclipse.swt.graphics.GC@GC {140530546126432}
Dec 14, 2012 6:54:27 PM org.eclipse.birt.chart.device.swt.SwtRendererImpl setProperty
INFO: Using graphics context org.eclipse.swt.graphics.GC@GC {140530546126432}
Dec 14, 2012 6:54:27 PM org.eclipse.birt.chart.device.swt.SwtRendererImpl setProperty
INFO: Using graphics context org.eclipse.swt.graphics.GC@GC {140530546126432}
Dec 14, 2012 6:54:27 PM org.eclipse.birt.chart.script.AbstractScriptHandler register
INFO: Trying to load Chart Java event handler class...
Dec 14, 2012 6:54:27 PM org.eclipse.birt.chart.script.AbstractScriptHandler register
INFO: A Chart Java event handler class [class org.eclipse.mat.impl.chart.StorageUnitRenderScript] has been loaded successfully.
Dec 14, 2012 6:54:27 PM org.eclipse.birt.chart.render.EmptyWithoutAxes renderSeries
INFO: org.eclipse.birt.chart.render.EmptyWithoutAxes: renderSeries() [1/2]
Dec 14, 2012 6:54:27 PM org.eclipse.birt.chart.render.EmptyWithoutAxes renderSeries
INFO: org.eclipse.birt.chart.render.EmptyWithoutAxes: renderSeries() [1/2]
Dec 14, 2012 6:54:27 PM org.eclipse.birt.chart.extension.render.Pie renderSeries
INFO: {0}: renderSeries() [{1}/{2}]org.eclipse.birt.chart.extension.render.Pie22
Dec 14, 2012 6:54:27 PM org.eclipse.birt.chart.extension.render.Pie renderSeries
INFO: {0}: renderSeries() [{1}/{2}]org.eclipse.birt.chart.extension.render.Pie22
