Nov 7, 2012 10:06:58 AM org.eclipse.birt.chart.device.swt.SwtDisplayServer <init>
INFO: SWT Display Server: gtk v3,740
Nov 7, 2012 10:06:58 AM org.eclipse.birt.chart.device.swt.SwtDisplayServer <init>
INFO: SWT Display Server: gtk v3,740
Nov 7, 2012 10:06:59 AM org.eclipse.birt.chart.device.swt.R31Enhance <clinit>
INFO: Advanced SWT graphics functions enabled.
Nov 7, 2012 10:06:59 AM org.eclipse.birt.chart.device.swt.R31Enhance <clinit>
INFO: Advanced SWT graphics functions enabled.
Nov 7, 2012 10:06:59 AM org.eclipse.birt.chart.device.swt.R31Enhance <clinit>
INFO: Advanced SWT graphics functions enabled.
Nov 7, 2012 10:06:59 AM org.eclipse.birt.chart.device.swt.R31Enhance <clinit>
INFO: Advanced SWT graphics functions enabled.
Nov 7, 2012 10:06:59 AM org.eclipse.birt.chart.device.swt.SwtRendererImpl setProperty
INFO: Using graphics context org.eclipse.swt.graphics.GC@GC {140343447284400}
Nov 7, 2012 10:06:59 AM org.eclipse.birt.chart.device.swt.SwtRendererImpl setProperty
INFO: Using graphics context org.eclipse.swt.graphics.GC@GC {140343447284400}
Nov 7, 2012 10:06:59 AM org.eclipse.birt.chart.device.swt.SwtRendererImpl setProperty
INFO: Using graphics context org.eclipse.swt.graphics.GC@GC {140343447284400}
Nov 7, 2012 10:06:59 AM org.eclipse.birt.chart.device.swt.SwtRendererImpl setProperty
INFO: Using graphics context org.eclipse.swt.graphics.GC@GC {140343447284400}
Nov 7, 2012 10:06:59 AM org.eclipse.birt.chart.script.AbstractScriptHandler register
INFO: Trying to load Chart Java event handler class...
Nov 7, 2012 10:06:59 AM org.eclipse.birt.chart.script.AbstractScriptHandler register
INFO: A Chart Java event handler class [class org.eclipse.mat.impl.chart.StorageUnitRenderScript] has been loaded successfully.
Nov 7, 2012 10:06:59 AM org.eclipse.birt.chart.render.EmptyWithoutAxes renderSeries
INFO: org.eclipse.birt.chart.render.EmptyWithoutAxes: renderSeries() [1/2]
Nov 7, 2012 10:06:59 AM org.eclipse.birt.chart.render.EmptyWithoutAxes renderSeries
INFO: org.eclipse.birt.chart.render.EmptyWithoutAxes: renderSeries() [1/2]
Nov 7, 2012 10:06:59 AM org.eclipse.birt.chart.extension.render.Pie renderSeries
INFO: {0}: renderSeries() [{1}/{2}]org.eclipse.birt.chart.extension.render.Pie22
Nov 7, 2012 10:06:59 AM org.eclipse.birt.chart.extension.render.Pie renderSeries
INFO: {0}: renderSeries() [{1}/{2}]org.eclipse.birt.chart.extension.render.Pie22
Nov 7, 2012 10:36:23 AM org.eclipse.birt.chart.device.swt.SwtDisplayServer <init>
INFO: SWT Display Server: gtk v3,740
Nov 7, 2012 10:36:23 AM org.eclipse.birt.chart.device.swt.SwtDisplayServer <init>
INFO: SWT Display Server: gtk v3,740
Nov 7, 2012 10:36:23 AM org.eclipse.birt.chart.device.swt.SwtDisplayServer <init>
INFO: SWT Display Server: gtk v3,740
Nov 7, 2012 10:36:23 AM org.eclipse.birt.chart.device.swt.SwtDisplayServer <init>
INFO: SWT Display Server: gtk v3,740
Nov 7, 2012 10:36:23 AM org.eclipse.birt.chart.device.swt.SwtRendererImpl setProperty
INFO: Using graphics context org.eclipse.swt.graphics.GC@GC {140343450469952}
Nov 7, 2012 10:36:23 AM org.eclipse.birt.chart.device.swt.SwtRendererImpl setProperty
INFO: Using graphics context org.eclipse.swt.graphics.GC@GC {140343450469952}
Nov 7, 2012 10:36:23 AM org.eclipse.birt.chart.device.swt.SwtRendererImpl setProperty
INFO: Using graphics context org.eclipse.swt.graphics.GC@GC {140343450469952}
Nov 7, 2012 10:36:23 AM org.eclipse.birt.chart.device.swt.SwtRendererImpl setProperty
INFO: Using graphics context org.eclipse.swt.graphics.GC@GC {140343450469952}
Nov 7, 2012 10:36:23 AM org.eclipse.birt.chart.script.AbstractScriptHandler register
INFO: Trying to load Chart Java event handler class...
Nov 7, 2012 10:36:23 AM org.eclipse.birt.chart.script.AbstractScriptHandler register
INFO: A Chart Java event handler class [class org.eclipse.mat.impl.chart.StorageUnitRenderScript] has been loaded successfully.
Nov 7, 2012 10:36:23 AM org.eclipse.birt.chart.render.EmptyWithoutAxes renderSeries
INFO: org.eclipse.birt.chart.render.EmptyWithoutAxes: renderSeries() [1/2]
Nov 7, 2012 10:36:23 AM org.eclipse.birt.chart.render.EmptyWithoutAxes renderSeries
INFO: org.eclipse.birt.chart.render.EmptyWithoutAxes: renderSeries() [1/2]
Nov 7, 2012 10:36:23 AM org.eclipse.birt.chart.extension.render.Pie renderSeries
INFO: {0}: renderSeries() [{1}/{2}]org.eclipse.birt.chart.extension.render.Pie22
Nov 7, 2012 10:36:23 AM org.eclipse.birt.chart.extension.render.Pie renderSeries
INFO: {0}: renderSeries() [{1}/{2}]org.eclipse.birt.chart.extension.render.Pie22
Nov 7, 2012 10:56:32 AM org.eclipse.birt.chart.device.swt.SwtRendererImpl setProperty
INFO: Using graphics context org.eclipse.swt.graphics.GC@GC {140343456375104}
Nov 7, 2012 10:56:32 AM org.eclipse.birt.chart.device.swt.SwtRendererImpl setProperty
INFO: Using graphics context org.eclipse.swt.graphics.GC@GC {140343456375104}
Nov 7, 2012 10:56:32 AM org.eclipse.birt.chart.device.swt.SwtRendererImpl setProperty
INFO: Using graphics context org.eclipse.swt.graphics.GC@GC {140343456375104}
Nov 7, 2012 10:56:32 AM org.eclipse.birt.chart.device.swt.SwtRendererImpl setProperty
INFO: Using graphics context org.eclipse.swt.graphics.GC@GC {140343456375104}
Nov 7, 2012 10:56:32 AM org.eclipse.birt.chart.script.AbstractScriptHandler register
INFO: Trying to load Chart Java event handler class...
Nov 7, 2012 10:56:32 AM org.eclipse.birt.chart.script.AbstractScriptHandler register
INFO: A Chart Java event handler class [class org.eclipse.mat.impl.chart.StorageUnitRenderScript] has been loaded successfully.
Nov 7, 2012 10:56:32 AM org.eclipse.birt.chart.render.EmptyWithoutAxes renderSeries
INFO: org.eclipse.birt.chart.render.EmptyWithoutAxes: renderSeries() [1/2]
Nov 7, 2012 10:56:32 AM org.eclipse.birt.chart.render.EmptyWithoutAxes renderSeries
INFO: org.eclipse.birt.chart.render.EmptyWithoutAxes: renderSeries() [1/2]
Nov 7, 2012 10:56:32 AM org.eclipse.birt.chart.extension.render.Pie renderSeries
INFO: {0}: renderSeries() [{1}/{2}]org.eclipse.birt.chart.extension.render.Pie22
Nov 7, 2012 10:56:32 AM org.eclipse.birt.chart.extension.render.Pie renderSeries
INFO: {0}: renderSeries() [{1}/{2}]org.eclipse.birt.chart.extension.render.Pie22
